<?xml version="1.0" encoding="UTF-8"?>
<!-- Generated by org.testng.reporters.JUnitReportReporter -->
<testsuite hostname="LAPTOP-NIU33F83" failures="0" tests="1" name="Shoe_Website.Red_Tape" time="4.758" errors="0" timestamp="2024-03-10T15:34:10 IST" skipped="0">
  <testcase classname="Shoe_Website.Red_Tape" name="redtape" time="4.758"/>
  <system-out>
    <![CDATA[redtape]]>
  </system-out>
</testsuite> <!-- Shoe_Website.Red_Tape -->
