<?xml version="1.0" encoding="UTF-8"?>
<!-- Generated by org.testng.reporters.JUnitReportReporter -->
<testsuite hostname="LAPTOP-NIU33F83" failures="0" tests="1" name="Shoe_Website.New_Balance" time="13.851" errors="0" timestamp="2024-03-10T15:21:22 IST" skipped="0">
  <testcase classname="Shoe_Website.New_Balance" name="new_balance" time="13.851"/>
  <system-out>
    <![CDATA[new_balance]]>
  </system-out>
</testsuite> <!-- Shoe_Website.New_Balance -->
