<?xml version="1.0" encoding="UTF-8"?>
<!-- Generated by org.testng.reporters.JUnitReportReporter -->
<testsuite hostname="LAPTOP-NIU33F83" failures="0" tests="1" name="POM.UseTheWebElement" time="10.465" errors="0" timestamp="2024-03-17T14:15:10 IST" skipped="0">
  <testcase classname="POM.UseTheWebElement" name="search" time="10.465"/>
  <system-out/>
</testsuite> <!-- POM.UseTheWebElement -->
