<?xml version="1.0" encoding="UTF-8"?>
<!-- Generated by org.testng.reporters.JUnitReportReporter -->
<testsuite hostname="LAPTOP-NIU33F83" failures="0" tests="3" name="Learn_testng.Data_driven_Framework" time="18.823" errors="0" timestamp="2024-03-16T15:24:31 IST" skipped="0">
  <testcase classname="Learn_testng.Data_driven_Framework" name="login" time="7.607"/>
  <system-out/>
  <testcase classname="Learn_testng.Data_driven_Framework" name="login" time="5.055"/>
  <system-out/>
  <testcase classname="Learn_testng.Data_driven_Framework" name="login" time="6.161"/>
  <system-out/>
</testsuite> <!-- Learn_testng.Data_driven_Framework -->
