<?xml version="1.0" encoding="UTF-8"?>
<!-- Generated by org.testng.reporters.JUnitReportReporter -->
<testsuite hostname="LAPTOP-NIU33F83" failures="0" tests="1" name="Shoe_Website.Royal_enfield" time="3.896" errors="0" timestamp="2024-03-10T14:48:43 IST" skipped="0">
  <testcase classname="Shoe_Website.Royal_enfield" name="royal" time="3.896"/>
  <system-out>
    <![CDATA[royal]]>
  </system-out>
</testsuite> <!-- Shoe_Website.Royal_enfield -->
