<?xml version="1.0" encoding="UTF-8"?>
<!-- Generated by org.testng.reporters.JUnitReportReporter -->
<testsuite hostname="LAPTOP-NIU33F83" failures="0" tests="1" name="Shoe_Website.Addidas" time="6.601" errors="0" timestamp="2024-03-10T15:21:22 IST" skipped="0">
  <testcase classname="Shoe_Website.Addidas" name="addidas" time="6.601"/>
  <system-out>
    <![CDATA[addidas]]>
  </system-out>
</testsuite> <!-- Shoe_Website.Addidas -->
