<?xml version="1.0" encoding="UTF-8"?>
<!-- Generated by org.testng.reporters.JUnitReportReporter -->
<testsuite hostname="LAPTOP-NIU33F83" failures="0" tests="1" name="Chronological_orders" time="0.010" errors="0" timestamp="2024-03-10T14:31:45 IST" skipped="0">
  <testcase classname="Chronological_orders" name="test" time="0.010"/>
  <system-out/>
</testsuite> <!-- Chronological_orders -->
