<?xml version="1.0" encoding="UTF-8"?>
<!-- Generated by org.testng.reporters.JUnitReportReporter -->
<testsuite hostname="LAPTOP-NIU33F83" failures="0" tests="1" name="Sch_Admin.Base" time="5.288" errors="0" timestamp="2024-03-13T22:07:08 IST" skipped="0">
  <testcase classname="Sch_Admin.Base" name="test" time="5.288"/>
  <system-out/>
</testsuite> <!-- Sch_Admin.Base -->
