<?xml version="1.0" encoding="UTF-8"?>
<!-- Generated by org.testng.reporters.JUnitReportReporter -->
<testsuite hostname="LAPTOP-NIU33F83" failures="0" tests="1" name="Shoe_Website.Liberty" time="6.389" errors="0" timestamp="2024-03-10T15:41:53 IST" skipped="0">
  <testcase classname="Shoe_Website.Liberty" name="liberty" time="6.389"/>
  <system-out>
    <![CDATA[liberty]]>
  </system-out>
</testsuite> <!-- Shoe_Website.Liberty -->
