<?xml version="1.0" encoding="UTF-8"?>
<!-- Generated by org.testng.reporters.JUnitReportReporter -->
<testsuite hostname="LAPTOP-NIU33F83" failures="0" tests="15" name="Sch_Admin.Employee_Tab" time="24.686" errors="0" timestamp="2024-03-13T22:50:54 IST" skipped="0">
  <testcase classname="Sch_Admin.Employee_Tab" name="test" time="0.007"/>
  <system-out/>
  <testcase classname="Sch_Admin.Employee_Tab" name="add_employee" time="1.489"/>
  <system-out/>
  <testcase classname="Sch_Admin.Employee_Tab" name="add_name" time="0.248"/>
  <system-out/>
  <testcase classname="Sch_Admin.Employee_Tab" name="select_dob" time="0.653"/>
  <system-out/>
  <testcase classname="Sch_Admin.Employee_Tab" name="select_gender" time="0.142"/>
  <system-out/>
  <testcase classname="Sch_Admin.Employee_Tab" name="add_email" time="0.166"/>
  <system-out/>
  <testcase classname="Sch_Admin.Employee_Tab" name="add_mobile_number1" time="0.246"/>
  <system-out/>
  <testcase classname="Sch_Admin.Employee_Tab" name="select_department" time="0.140"/>
  <system-out/>
  <testcase classname="Sch_Admin.Employee_Tab" name="select_role" time="0.106"/>
  <system-out/>
  <testcase classname="Sch_Admin.Employee_Tab" name="select_start_date" time="20.729"/>
  <system-out/>
  <testcase classname="Sch_Admin.Employee_Tab" name="add_annual_allowance" time="0.104"/>
  <system-out/>
  <testcase classname="Sch_Admin.Employee_Tab" name="select_hours_or_days" time="0.137"/>
  <system-out/>
  <testcase classname="Sch_Admin.Employee_Tab" name="maximum_leave_carryforward" time="0.113"/>
  <system-out/>
  <testcase classname="Sch_Admin.Employee_Tab" name="add_designation" time="0.145"/>
  <system-out/>
  <testcase classname="Sch_Admin.Employee_Tab" name="click_next" time="0.261"/>
  <system-out/>
</testsuite> <!-- Sch_Admin.Employee_Tab -->
