<?xml version="1.0" encoding="UTF-8"?>
<!-- Generated by org.testng.reporters.JUnitReportReporter -->
<testsuite hostname="LAPTOP-NIU33F83" failures="0" tests="1" name="Shoe_Website.Nike" time="7.735" errors="0" timestamp="2024-03-10T15:21:22 IST" skipped="0">
  <testcase classname="Shoe_Website.Nike" name="nike" time="7.735"/>
  <system-out>
    <![CDATA[nike]]>
  </system-out>
</testsuite> <!-- Shoe_Website.Nike -->
