<?xml version="1.0" encoding="UTF-8"?>
<!-- Generated by org.testng.reporters.JUnitReportReporter -->
<testsuite hostname="LAPTOP-NIU33F83" failures="0" tests="2" name="Learn_testng.testng" time="12.905" errors="0" timestamp="2024-03-16T13:31:00 IST" skipped="0">
  <testcase classname="Learn_testng.testng" name="reciever" time="7.435"/>
  <system-out/>
  <testcase classname="Learn_testng.testng" name="reciever" time="5.470"/>
  <system-out/>
</testsuite> <!-- Learn_testng.testng -->
