<?xml version="1.0" encoding="UTF-8"?>
<!-- Generated by org.testng.reporters.JUnitReportReporter -->
<testsuite hostname="LAPTOP-NIU33F83" failures="0" tests="1" name="Learn_testng.Hard_Assertion" time="6.379" errors="0" timestamp="2024-03-17T11:42:09 IST" skipped="0">
  <testcase classname="Learn_testng.Hard_Assertion" name="ddws" time="6.379"/>
  <system-out/>
</testsuite> <!-- Learn_testng.Hard_Assertion -->
