<?xml version="1.0" encoding="UTF-8"?>
<!-- Generated by org.testng.reporters.JUnitReportReporter -->
<testsuite hostname="LAPTOP-NIU33F83" failures="0" tests="1" name="Bike_Website.Yamaha" time="6.240" errors="0" timestamp="2024-03-10T15:41:53 IST" skipped="0">
  <testcase classname="Bike_Website.Yamaha" name="yamaha" time="6.240"/>
  <system-out>
    <![CDATA[yamaha]]>
  </system-out>
</testsuite> <!-- Bike_Website.Yamaha -->
