<?xml version="1.0" encoding="UTF-8"?>
<!-- Generated by org.testng.reporters.JUnitReportReporter -->
<testsuite hostname="LAPTOP-NIU33F83" failures="0" tests="4" name="Testng1" time="16.575" errors="0" timestamp="2024-03-10T13:17:17 IST" skipped="0">
  <testcase classname="Testng1" name="redbus" time="4.656"/>
  <system-out>
    <![CDATA[RedBus]]>
  </system-out>
  <testcase classname="Testng1" name="easemyTrip" time="4.879"/>
  <system-out>
    <![CDATA[easemyTrip]]>
  </system-out>
  <testcase classname="Testng1" name="easemyTrip" time="5.074"/>
  <system-out>
    <![CDATA[easemyTrip]]>
  </system-out>
  <testcase classname="Testng1" name="fb" time="1.966"/>
  <system-out>
    <![CDATA[fb]]>
  </system-out>
</testsuite> <!-- Testng1 -->
