<?xml version="1.0" encoding="UTF-8"?>
<!-- Generated by org.testng.reporters.JUnitReportReporter -->
<testsuite hostname="LAPTOP-NIU33F83" failures="0" tests="1" name="Bike_Website.Royal_enfield" time="8.494" errors="0" timestamp="2024-03-10T15:21:22 IST" skipped="0">
  <testcase classname="Bike_Website.Royal_enfield" name="royal" time="8.494"/>
  <system-out>
    <![CDATA[royal]]>
  </system-out>
</testsuite> <!-- Bike_Website.Royal_enfield -->
