<?xml version="1.0" encoding="UTF-8"?>
<!-- Generated by org.testng.reporters.JUnitReportReporter -->
<testsuite hostname="LAPTOP-NIU33F83" failures="0" tests="1" name="Learn_testng.Soft_Assertion" time="5.392" errors="0" timestamp="2024-03-17T12:09:16 IST" skipped="0">
  <testcase classname="Learn_testng.Soft_Assertion" name="ddws" time="5.392"/>
  <system-out/>
</testsuite> <!-- Learn_testng.Soft_Assertion -->
